<?xml version="1.0" encoding="UTF-8"?>
<!-- Generated by org.testng.reporters.JUnitReportReporter -->
<testsuite hostname="APL-H833F63" failures="0" tests="1" name="TestScripts.inputfields" time="55.071" errors="0" timestamp="2025-06-06T13:20:52 IST" skipped="0">
  <testcase classname="TestScripts.inputfields" name="input" time="55.071"/>
</testsuite> <!-- TestScripts.inputfields -->
