<?xml version="1.0" encoding="UTF-8"?>
<!-- Generated by org.testng.reporters.JUnitReportReporter -->
<testsuite hostname="DESKTOP-AL5GSUH" failures="0" tests="6" name="TestScripts.Button" time="5.261" errors="0" timestamp="2025-06-15T01:37:56 IST" skipped="0">
  <testcase classname="TestScripts.Button" name="holdButton" time="3.506"/>
  <testcase classname="TestScripts.Button" name="getcolour" time="0.067"/>
  <testcase classname="TestScripts.Button" name="getdimension" time="0.111"/>
  <testcase classname="TestScripts.Button" name="getPosition" time="0.294"/>
  <testcase classname="TestScripts.Button" name="gotohomebutton" time="0.645"/>
  <testcase classname="TestScripts.Button" name="buttonstatus" time="0.638"/>
</testsuite> <!-- TestScripts.Button -->
