<?xml version="1.0" encoding="UTF-8"?>
<!-- Generated by org.testng.reporters.JUnitReportReporter -->
<testsuite hostname="APL-H833F63" failures="0" tests="1" name="Button" time="12.813" errors="0" timestamp="2025-06-05T01:45:15 IST" skipped="0">
  <testcase classname="Button" name="button" time="12.813"/>
</testsuite> <!-- Button -->
