<?xml version="1.0" encoding="UTF-8"?>
<!-- Generated by org.testng.reporters.JUnitReportReporter -->
<testsuite hostname="APL-H833F63" failures="0" tests="1" name="Dropdown" time="5.497" errors="0" timestamp="2025-05-30T22:10:43 IST" skipped="0">
  <testcase classname="Dropdown" name="Drop" time="5.497"/>
</testsuite> <!-- Dropdown -->
