<?xml version="1.0" encoding="UTF-8"?>
<!-- Generated by org.testng.reporters.JUnitReportReporter -->
<testsuite hostname="DESKTOP-AL5GSUH" failures="0" tests="1" name="inputfields" time="9.002" errors="0" timestamp="2025-04-24T12:23:52 IST" skipped="0">
  <testcase classname="inputfields" name="input" time="9.002"/>
</testsuite> <!-- inputfields -->
